Posible ataque Man-in-the-middle a las 16/10/2023 16:26:15. Mensaje afectado:b'd|ef3de78c47b9f80767d0d1c18aaad9953f01dfeeaa45e796ff93a56516f1dfe1|eecc226044b359da4e76e4860ad4e4c0'
Posible ataque Man-in-the-middle a las 16/10/2023 16:57:03. Mensaje afectado:b'a|69e99e82127c1f146f50653e02b92c4bb0c3bc182a6165a5bbce5f4f94e1ccb7|b86c4d2c7ad9d82a94050581910cc6d5'
Posible ataque Man-in-the-middle a las 16/10/2023 16:58:28. Mensaje afectado:b'asdasd|055e2ccaaf5b10f473e4d6efb8b9a53fe120ac0db989c8b50a45d2e3a959e6cf|2f0a8d47406b2198b7524ee0441bf4c2'
Posible ataque Man-in-the-middle a las 16/10/2023 17:00:08. Mensaje afectado:b'llasldlasldlasdl|bfcd0ad7bf1c733e57c14590e2ee9f891e3b94e059b8384e0e2fad0ac4484202|d4ffadd8761513cc0cd16abc9120d980'
Posible ataque Man-in-the-middle a las 16/10/2023 17:01:55. Mensaje afectado:b'adsdasd|8209c00205c11f6856dfd07dce233dbe795c9438eef39071ab1cab8422fcb0fd|9ede23db5c19ced7770be3c5c27dace5'
Posible ataque Man-in-the-middle a las 16/10/2023 17:04:25. Mensaje afectado:b'asas|d2226371e1affccaa602639234825c4e7ab76593f3b976598b56a4719d400fa5|78c480221623d338463d0e2e025a0a95'
Posible ataque Man-in-the-middle a las 16/10/2023 17:09:44. Mensaje afectado:b'a|69e99e82127c1f146f50653e02b92c4bb0c3bc182a6165a5bbce5f4f94e1ccb7|9fe02deb55a84f4b436eb700612ccbd9'
Posible ataque Man-in-the-middle a las 16/10/2023 17:10:58. Mensaje afectado:b'das|3f81682e7d79f6bca497f412964c408f12bd6c4e0da5b6686859e546a733ad9e|37cc2121db1460504ecb60228f5b02e9'
Posible ataque Man-in-the-middle a las 16/10/2023 17:12:21. Mensaje afectado:b'a|69e99e82127c1f146f50653e02b92c4bb0c3bc182a6165a5bbce5f4f94e1ccb7|e8de7458b7c691775290c0e70609b8a1'
Posible ataque Man-in-the-middle a las 16/10/2023 17:14:22. Mensaje afectado:b'a|69e99e82127c1f146f50653e02b92c4bb0c3bc182a6165a5bbce5f4f94e1ccb7|a651e9d12a5b1e8b8114dc8a5e3281fc'
Posible ataque Man-in-the-middle a las 16/10/2023 17:15:09. Mensaje afectado:b'a|69e99e82127c1f146f50653e02b92c4bb0c3bc182a6165a5bbce5f4f94e1ccb7|1c74127ce836c03ea0914051db9f3827'
Posible ataque Man-in-the-middle a las 16/10/2023 17:17:41. Mensaje afectado:b'asas|d2226371e1affccaa602639234825c4e7ab76593f3b976598b56a4719d400fa5|d04c4d69eca70d7e5bd04d16fc40c3db'
Posible ataque Man-in-the-middle a las 16/10/2023 17:23:55. Mensaje afectado:b'a|69e99e82127c1f146f50653e02b92c4bb0c3bc182a6165a5bbce5f4f94e1ccb7|d6720c54cd3a0a01682b6aa4bcd3ffd2'
Posible ataque Man-in-the-middle a las 16/10/2023 17:25:44. Mensaje afectado:b'a|69e99e82127c1f146f50653e02b92c4bb0c3bc182a6165a5bbce5f4f94e1ccb7|4be31ec071b1d4895394e47e8dc77403'
Posible ataque Man-in-the-middle a las 16/10/2023 17:29:19. Mensaje afectado:b'a|69e99e82127c1f146f50653e02b92c4bb0c3bc182a6165a5bbce5f4f94e1ccb7|358519007c027f2cb6b4de798de9d419'
Posible ataque Man-in-the-middle a las 16/10/2023 17:29:44. Mensaje afectado:b'a|69e99e82127c1f146f50653e02b92c4bb0c3bc182a6165a5bbce5f4f94e1ccb7|93e4515851b7a423c09616dc35c9eb0d'
Posible ataque Man-in-the-middle a las 16/10/2023 17:30:23. Mensaje afectado:b'ajkflskdjfajfls|2f9f9709d6239ee92d4dc9cbc9cdc21a4313035aa692943a963008560be85f2d|722b8ec1fb41a2c0d4cdd9a32ae29499'
Posible ataque Man-in-the-middle a las 16/10/2023 17:31:44. Mensaje afectado:b'a|69e99e82127c1f146f50653e02b92c4bb0c3bc182a6165a5bbce5f4f94e1ccb7|614d518cc1b31f1a19e8f44f495e3018'
Posible ataque Man-in-the-middle a las 16/10/2023 17:32:02. Mensaje afectado:b'ksajlskdjflkdsjflksd|beaa33ee17534bd987d34b2a4fe0482b1c0802cb52dc32e371df09f51113e57f|93f38a6cb01ff8941bb38fc6ebf176bc'
Posible ataque Man-in-the-middle a las 16/10/2023 17:32:21. Mensaje afectado:b'aads|867b9851059b6eaceef459b8affb53db95ceded032193de8f3556200ac87af8e|ebc82b2a5ff652baea6a89ab35f02a87'
Posible ataque Man-in-the-middle a las 16/10/2023 17:32:49. Mensaje afectado:b'aads|867b9851059b6eaceef459b8affb53db95ceded032193de8f3556200ac87af8e|52be2e1df8b2e97d4c8ca1d283273562'
Posible ataque Man-in-the-middle a las 18/10/2023 21:08:10. Mensaje afectado:jiijijji|3ffbe337db7c1cfe3d962a16fc7a2d08|d
 Detectado ataque reply a las 18/10/2023 21:18:05, nonce ya registrado 3ffbe337db7c1cfe3d962a16fc7a2d08 
Posible ataque Man-in-the-middle a las 18/10/2023 21:18:05. Mensaje afectado:enga ya coño|adad|3ffbe337db7c1cfe3d962a16fc7a2d08
 Detectado ataque reply a las 18/10/2023 21:23:47, nonce ya registrado 37d4372c7a7099fb097aa1ce3ff7c2aa 
Fallo en la integridad del mensaje la mac es distinta, detectado a las 18/10/2023 21:23:47. Mensaje afectado:holi|d|37d4372c7a7099fb097aa1ce3ff7c2aa
Fallo en la integridad del mensaje la mac es distinta, detectado a las 18/10/2023 21:36:46. Mensaje afectado:cici como me guta mamamio|dada|37d4372c7a7099fb097aa1ce3ff7c2aa
Fallo en la integridad del mensaje la mac es distinta, detectado a las 18/10/2023 21:38:31. Mensaje afectado:dad|d|3ffbe337db7c1cfe3d962a16fc7a2d08
 Detectado ataque reply a las 18/10/2023 21:40:34, nonce ya registrado 37d4372c7a7099fb097aa1ce3ff7c2aa 
Fallo en la integridad del mensaje la mac es distinta, detectado a las 18/10/2023 21:40:34. Mensaje afectado:dada|d|37d4372c7a7099fb097aa1ce3ff7c2aa
Fallo en la integridad del mensaje la mac es distinta, detectado a las 18/10/2023 21:44:20. Mensaje afectado:dada|goku|37d4372c7a7099fb097aa1ce3ff7c2ab
 Detectado ataque reply a las 18/10/2023 22:04:51, nonce ya registrado 5b6692cdc1764a78b6790aa29026ece5 
Fallo en la integridad del mensaje la mac es distinta, detectado a las 18/10/2023 22:04:51. Mensaje afectado:hola|ve|5b6692cdc1764a78b6790aa29026ece5
 Detectado ataque reply a las 18/10/2023 22:06:33, nonce ya registrado 5b6692cdc1764a78b6790aa29026ece5 
Fallo en la integridad del mensaje la mac es distinta, detectado a las 18/10/2023 22:06:33. Mensaje afectado:dad|ad|5b6692cdc1764a78b6790aa29026ece5
